<?xml version="1.0" encoding="UTF-8"?>
<testsuite name="com.kodilla.spring.intro.DrawerTestSuite" tests="2" skipped="0" failures="0" errors="0" timestamp="2018-07-17T19:35:42" hostname="hpdv7pavilion" time="0.006">
  <properties/>
  <testcase name="testDoDrawingWithTriangle" classname="com.kodilla.spring.intro.DrawerTestSuite" time="0.004"/>
  <testcase name="testDoDrawingWithCircle" classname="com.kodilla.spring.intro.DrawerTestSuite" time="0.001"/>
  <system-out><![CDATA[This is a triangle
This is a circle
]]></system-out>
  <system-err><![CDATA[]]></system-err>
</testsuite>
