<?xml version="1.0" encoding="UTF-8"?>
<testsuite name="com.kodilla.stream.forum.ForumUserTestSuite" tests="2" skipped="0" failures="0" errors="0" timestamp="2018-07-17T19:58:37" hostname="hpdv7pavilion" time="0.019">
  <properties/>
  <testcase name="testGetLocationsOfFriends" classname="com.kodilla.stream.forum.ForumUserTestSuite" time="0.012"/>
  <testcase name="testGetLocationsOfFriendsOfFriends" classname="com.kodilla.stream.forum.ForumUserTestSuite" time="0.006"/>
  <system-out><![CDATA[]]></system-out>
  <system-err><![CDATA[]]></system-err>
</testsuite>
