<?xml version="1.0" encoding="UTF-8"?>
<testsuite name="com.kodilla.stream.invoice.simple.SimpleInvoiceTestSuite" tests="1" skipped="0" failures="0" errors="0" timestamp="2018-07-17T19:58:37" hostname="hpdv7pavilion" time="0.007">
  <properties/>
  <testcase name="testGetValueToPay" classname="com.kodilla.stream.invoice.simple.SimpleInvoiceTestSuite" time="0.007"/>
  <system-out><![CDATA[]]></system-out>
  <system-err><![CDATA[]]></system-err>
</testsuite>
