<?xml version="1.0" encoding="UTF-8"?>
<testsuite name="com.kodilla.testing.collection.CollectionTestSuite" tests="2" skipped="0" failures="0" errors="0" timestamp="2018-05-29T16:58:40" hostname="hpdv7pavilion" time="0.027">
  <properties/>
  <testcase name="testOddNumbersExterminatorEmptyList" classname="com.kodilla.testing.collection.CollectionTestSuite" time="0.014"/>
  <testcase name="testOddNumbersExterminatorNormalList" classname="com.kodilla.testing.collection.CollectionTestSuite" time="0.003"/>
  <system-out><![CDATA[Test Case: begin
Test Case: end
Test Case: begin
The result of the extermination test: [4, 6, 18]
Test Case: end
]]></system-out>
  <system-err><![CDATA[]]></system-err>
</testsuite>
