<?xml version="1.0" encoding="UTF-8"?>
<testsuite name="com.kodilla.testing.forum.statistics.ForumStatisticTestSuite" tests="10" skipped="0" failures="0" errors="0" timestamp="2018-05-29T16:58:42" hostname="hpdv7pavilion" time="0.039">
  <properties/>
  <testcase name="testMoreCommentsThanPosts" classname="com.kodilla.testing.forum.statistics.ForumStatisticTestSuite" time="0.027"/>
  <testcase name="testCalculatePostsThousand" classname="com.kodilla.testing.forum.statistics.ForumStatisticTestSuite" time="0.0"/>
  <testcase name="testCalculatePostsZero" classname="com.kodilla.testing.forum.statistics.ForumStatisticTestSuite" time="0.0"/>
  <testcase name="testCommentsLessThanPosts" classname="com.kodilla.testing.forum.statistics.ForumStatisticTestSuite" time="0.001"/>
  <testcase name="testAverageNumberOfCommentsPerPost" classname="com.kodilla.testing.forum.statistics.ForumStatisticTestSuite" time="0.001"/>
  <testcase name="testAverageNumberOfCommentsPerUser" classname="com.kodilla.testing.forum.statistics.ForumStatisticTestSuite" time="0.002"/>
  <testcase name="testCalculateUsers0" classname="com.kodilla.testing.forum.statistics.ForumStatisticTestSuite" time="0.001"/>
  <testcase name="testAverageNumberOfPostsPerUser" classname="com.kodilla.testing.forum.statistics.ForumStatisticTestSuite" time="0.001"/>
  <testcase name="testCalculateUsersHundred" classname="com.kodilla.testing.forum.statistics.ForumStatisticTestSuite" time="0.001"/>
  <testcase name="testCalculateCommentsZero" classname="com.kodilla.testing.forum.statistics.ForumStatisticTestSuite" time="0.001"/>
  <system-out><![CDATA[2.2,2.2
0.33,0.33
2.0,2.0
100
]]></system-out>
  <system-err><![CDATA[]]></system-err>
</testsuite>
