<?xml version="1.0" encoding="UTF-8"?>
<testsuite name="com.kodilla.patterns.SettingsFileEngineTestSuite" tests="3" skipped="0" failures="0" errors="0" timestamp="2018-07-17T19:58:34" hostname="hpdv7pavilion" time="0.003">
  <properties/>
  <testcase name="testSaveSettings" classname="com.kodilla.patterns.SettingsFileEngineTestSuite" time="0.001"/>
  <testcase name="testLoadSettings" classname="com.kodilla.patterns.SettingsFileEngineTestSuite" time="0.001"/>
  <testcase name="testGetFileName" classname="com.kodilla.patterns.SettingsFileEngineTestSuite" time="0.0"/>
  <system-out><![CDATA[Opening the settings file
Saving settings to file
Loading settings from file
Opened: myapp.settings
Closing the settings file
]]></system-out>
  <system-err><![CDATA[]]></system-err>
</testsuite>
