<?xml version="1.0" encoding="UTF-8"?>
<testsuite name="com.kodilla.patterns.builder.bigMac.BigmacTestSuite" tests="1" skipped="0" failures="0" errors="0" timestamp="2018-07-17T19:58:32" hostname="hpdv7pavilion" time="0.008">
  <properties/>
  <testcase name="testBigmac" classname="com.kodilla.patterns.builder.bigMac.BigmacTestSuite" time="0.008"/>
  <system-out><![CDATA[Bigmac{bun='BUN_WITHOUT_SESAME', burgers=3, sauce='BARBECUE', ingredients=[CHEESE, MUSHROOMS, ONION, LETTUCE]}
]]></system-out>
  <system-err><![CDATA[]]></system-err>
</testsuite>
