<?xml version="1.0" encoding="UTF-8"?>
<testsuite name="com.kodilla.patterns.strategy.social.UserTestSuite" tests="2" skipped="0" failures="0" errors="0" timestamp="2018-07-17T19:58:34" hostname="hpdv7pavilion" time="0.005">
  <properties/>
  <testcase name="testDefaultSharingStrategies" classname="com.kodilla.patterns.strategy.social.UserTestSuite" time="0.004"/>
  <testcase name="testIndividualSharingStrategy" classname="com.kodilla.patterns.strategy.social.UserTestSuite" time="0.001"/>
  <system-out><![CDATA[Zenka's favorite social networking site is: Twitter
Stefan's favorite social networking site is: Facebook
Mirek's favorite social networking site is: Snapchat
Stefan's favorite social networking site is: Facebook
Stefan changed his favorite social network to: Snapchat
]]></system-out>
  <system-err><![CDATA[]]></system-err>
</testsuite>
