<?xml version="1.0" encoding="UTF-8"?>
<testsuite name="com.kodilla.patterns.prototype.library.LibraryTestSuite" tests="1" skipped="0" failures="0" errors="0" timestamp="2018-07-17T19:58:34" hostname="hpdv7pavilion" time="0.07">
  <properties/>
  <testcase name="testGetBooks" classname="com.kodilla.patterns.prototype.library.LibraryTestSuite" time="0.07"/>
  <system-out><![CDATA[   Books collection [nr 1]
Book: title: 'Title1', author: 'Kowalski', publicationDate: 2010-05-02
Book: title: 'Title3', author: 'Jurand', publicationDate: 1610-11-15
   Books collection [nr 2]
Book: title: 'Title1', author: 'Kowalski', publicationDate: 2010-05-02
Book: title: 'Title3', author: 'Jurand', publicationDate: 1610-11-15
   Books collection [nr 3]
Book: title: 'Title1', author: 'Kowalski', publicationDate: 2010-05-02
Book: title: 'Title3', author: 'Jurand', publicationDate: 1610-11-15
Book: title: 'Title2', author: 'Nowak', publicationDate: 2000-03-01
]]></system-out>
  <system-err><![CDATA[]]></system-err>
</testsuite>
