<?xml version="1.0" encoding="UTF-8"?>
<testsuite name="aviationCompany.FlightsTestSuite" tests="4" skipped="0" failures="0" errors="0" timestamp="2018-07-17T19:35:47" hostname="hpdv7pavilion" time="0.05">
  <properties/>
  <testcase name="testFlightsFrom" classname="aviationCompany.FlightsTestSuite" time="0.04"/>
  <testcase name="testDirectFlight" classname="aviationCompany.FlightsTestSuite" time="0.003"/>
  <testcase name="testFlightsWithStopover" classname="aviationCompany.FlightsTestSuite" time="0.002"/>
  <testcase name="testFlightsTo" classname="aviationCompany.FlightsTestSuite" time="0.002"/>
  <system-out><![CDATA[
The test has been finished
ALL FLIGHTS FROM THE SELECTED AIRPORT
Flight: departureAirport ='Gdansk', arrivalAirport='Wroclaw', departureDay='Monday'}
Flight: departureAirport ='Gdansk', arrivalAirport='Wroclaw', departureDay='Tuesday'}
Flight: departureAirport ='Gdansk', arrivalAirport='Krakow', departureDay='Wednesday'}
Flight: departureAirport ='Gdansk', arrivalAirport='Wroclaw', departureDay='Thursday'}
Flight: departureAirport ='Gdansk', arrivalAirport='Wroclaw', departureDay='Friday'}
Flight: departureAirport ='Gdansk', arrivalAirport='Warszawa', departureDay='Sunday'}

The test has been finished
ALL DIRECT FLIGHTS
Flight: departureAirport ='Gdansk', arrivalAirport='Warszawa', departureDay='Sunday'}

The test has been finished
ALL FLIGHTS WITH STOPOVER
[Flight: departureAirport ='Gdansk', arrivalAirport='Wroclaw', departureDay='Monday'}, Flight: departureAirport ='Wroclaw', arrivalAirport='Warszawa', departureDay='Monday'}]
[Flight: departureAirport ='Gdansk', arrivalAirport='Krakow', departureDay='Wednesday'}, Flight: departureAirport ='Krakow', arrivalAirport='Warszawa', departureDay='Wednesday'}]

The test has been finished
ALL FLIGHTS TO THE SELECTED AIRPORT
Flight: departureAirport ='Wroclaw', arrivalAirport='Warszawa', departureDay='Monday'}
Flight: departureAirport ='Krakow', arrivalAirport='Warszawa', departureDay='Wednesday'}
Flight: departureAirport ='Gdansk', arrivalAirport='Warszawa', departureDay='Sunday'}
]]></system-out>
  <system-err><![CDATA[]]></system-err>
</testsuite>
