<?xml version="1.0" encoding="UTF-8"?>
<testsuite name="com.kodilla.patterns.singleton.LoggerTestSuite" tests="1" skipped="0" failures="0" errors="0" timestamp="2018-07-17T19:35:44" hostname="hpdv7pavilion" time="0.005">
  <properties/>
  <testcase name="testGetLastLog" classname="com.kodilla.patterns.singleton.LoggerTestSuite" time="0.005"/>
  <system-out><![CDATA[Log: [2018-07-08, change user settings]
Last record: 2018-07-08, change user settings
]]></system-out>
  <system-err><![CDATA[]]></system-err>
</testsuite>
